03/11/2020 1:52:42 BRT [my-bank-api] info : API Started...
03/11/2020 1:52:44 BRT [my-bank-api] error : PATCH /accounts/updateBalance - Balance e id são obrigatórios
03/11/2020 2:08:30 BRT [my-bank-api] info : /updateBalance /accounts - {"id":6,"balance":200}
03/11/2020 2:08:57 BRT [my-bank-api] info : /updateBalance /accounts - {"id":6}
03/11/2020 2:09:19 BRT [my-bank-api] info : API Started...
03/11/2020 2:09:21 BRT [my-bank-api] error : PATCH /accounts/updateBalance - Balance e id são obrigatórios
03/11/2020 2:09:24 BRT [my-bank-api] info : /updateBalance /accounts - {"id":6,"balance":200}
03/11/2020 2:09:48 BRT [my-bank-api] error : PATCH /accounts/updateBalance - Cannot set property 'balance' of undefined
03/11/2020 2:10:03 BRT [my-bank-api] error : PATCH /accounts/updateBalance - Cannot set property 'balance' of undefined
03/11/2020 2:10:11 BRT [my-bank-api] info : API Started...
03/11/2020 2:10:15 BRT [my-bank-api] error : PATCH /accounts/updateBalance - Account not exists
03/11/2020 2:10:17 BRT [my-bank-api] error : PATCH /accounts/updateBalance - Account not exists
03/11/2020 2:10:27 BRT [my-bank-api] info : /updateBalance /accounts - {"id":2,"balance":200}
03/11/2020 2:10:36 BRT [my-bank-api] info : API Started...
03/11/2020 2:10:37 BRT [my-bank-api] error : PATCH /accounts/updateBalance - Account not exists
03/11/2020 2:10:38 BRT [my-bank-api] error : PATCH /accounts/updateBalance - Account not exists
03/11/2020 2:10:51 BRT [my-bank-api] info : API Started...
03/11/2020 2:10:52 BRT [my-bank-api] info : /updateBalance /accounts - {"id":2,"balance":200}
03/11/2020 14:57:57 BRT [my-bank-api] info : /updateBalance /accounts - {"id":2,"balance":200}
03/11/2020 14:59:09 BRT [my-bank-api] info : /updateBalance /accounts - {"id":2,"balance":200}
03/11/2020 14:59:21 BRT [my-bank-api] error : PATCH /accounts/updateBalance - Balance e id são obrigatórios
03/11/2020 14:59:35 BRT [my-bank-api] info : API Started...
03/11/2020 14:59:36 BRT [my-bank-api] error : PATCH /accounts/updateBalance - Balance e id são obrigatórios
03/11/2020 14:59:38 BRT [my-bank-api] info : /updateBalance /accounts - {"id":2,"balance":200}
03/11/2020 14:59:49 BRT [my-bank-api] info : /updateBalance /accounts - {"id":2,"balance":200}
03/11/2020 14:59:55 BRT [my-bank-api] info : /updateBalance /accounts - {"id":2,"balance":150}
03/11/2020 15:01:43 BRT [my-bank-api] info : POST /accounts - {"id":13,"name":"Felipe Lobato1","balance":0}
03/11/2020 15:01:44 BRT [my-bank-api] info : POST /accounts - {"id":14,"name":"Felipe Lobato1","balance":0}
03/11/2020 15:02:02 BRT [my-bank-api] error : POST /accounts - Name e balance são obrigatórios
03/11/2020 15:02:16 BRT [my-bank-api] info : API Started...
03/11/2020 15:02:17 BRT [my-bank-api] info : POST /accounts - {"id":15,"name":"Felipe Lobato1","balance":0}
03/11/2020 15:06:04 BRT [my-bank-api] info : /updateBalance /accounts - {"id":2,"balance":150}
03/11/2020 15:06:09 BRT [my-bank-api] error : PATCH /accounts/updateBalance - Balance e id são obrigatórios
03/11/2020 15:06:14 BRT [my-bank-api] error : PATCH /accounts/updateBalance - Balance e id são obrigatórios
03/11/2020 15:06:24 BRT [my-bank-api] error : PATCH /accounts/updateBalance - Account not exists
03/11/2020 15:06:34 BRT [my-bank-api] error : PATCH /accounts/updateBalance - Balance e id são obrigatórios
03/11/2020 15:06:36 BRT [my-bank-api] info : /updateBalance /accounts - {"id":2,"balance":150}
03/11/2020 15:06:41 BRT [my-bank-api] info : /updateBalance /accounts - {"id":2,"balance":250}
03/11/2020 15:06:45 BRT [my-bank-api] info : /updateBalance /accounts - {"id":2,"balance":950}
03/11/2020 15:07:26 BRT [my-bank-api] error : PATCH /accounts/updateBalance - Account not exists
03/11/2020 15:07:30 BRT [my-bank-api] info : /updateBalance /accounts - {"id":3,"balance":950}
03/11/2020 15:07:36 BRT [my-bank-api] info : GET /accounts/3 - {"id":3,"name":"Felipe Lobato","balance":950}
03/11/2020 15:09:02 BRT [my-bank-api] error : PUT /accounts - Registro não encontrado
03/11/2020 15:09:36 BRT [my-bank-api] info : API Started...
03/11/2020 15:09:49 BRT [my-bank-api] info : API Started...
03/11/2020 15:09:50 BRT [my-bank-api] error : PUT /accounts - Name e balance são obrigatórios
03/11/2020 15:10:09 BRT [my-bank-api] info : API Started...
03/11/2020 15:11:15 BRT [my-bank-api] info : API Started...
03/11/2020 15:11:33 BRT [my-bank-api] info : API Started...
03/11/2020 15:11:56 BRT [my-bank-api] error : POST /accounts - Name e balance são obrigatórios
03/11/2020 15:12:03 BRT [my-bank-api] info : API Started...
03/11/2020 15:12:05 BRT [my-bank-api] info : POST /accounts - {"id":16,"name":"Felipe Lobato1","balance":""}
03/11/2020 15:12:14 BRT [my-bank-api] info : POST /accounts - {"id":17,"name":"Felipe Lobato1","balance":0}
03/11/2020 15:12:25 BRT [my-bank-api] info : API Started...
03/11/2020 15:12:27 BRT [my-bank-api] info : POST /accounts - {"id":18,"name":"Felipe Lobato1","balance":""}
03/11/2020 15:12:33 BRT [my-bank-api] info : API Started...
03/11/2020 15:12:35 BRT [my-bank-api] error : POST /accounts - Name e balance são obrigatórios
03/11/2020 15:12:38 BRT [my-bank-api] error : POST /accounts - Name e balance são obrigatórios
03/11/2020 15:12:40 BRT [my-bank-api] error : POST /accounts - Name e balance são obrigatórios
03/11/2020 15:12:42 BRT [my-bank-api] error : POST /accounts - Name e balance são obrigatórios
03/11/2020 15:12:46 BRT [my-bank-api] error : POST /accounts - Name e balance são obrigatórios
03/11/2020 15:12:54 BRT [my-bank-api] error : POST /accounts - Name e balance são obrigatórios
03/11/2020 15:12:58 BRT [my-bank-api] error : POST /accounts - Name e balance são obrigatórios
03/11/2020 15:13:02 BRT [my-bank-api] error : POST /accounts - Name e balance são obrigatórios
03/11/2020 15:13:06 BRT [my-bank-api] info : API Started...
03/11/2020 15:14:46 BRT [my-bank-api] error : PATCH /accounts/updateBalance - Balance e id são obrigatórios
03/11/2020 15:14:47 BRT [my-bank-api] info : /updateBalance /accounts - {"id":3,"balance":950}
03/11/2020 15:14:51 BRT [my-bank-api] info : /updateBalance /accounts - {"id":3,"balance":950}
03/11/2020 15:14:52 BRT [my-bank-api] info : /updateBalance /accounts - {"id":3,"balance":950}
03/11/2020 15:14:55 BRT [my-bank-api] info : /updateBalance /accounts - {"id":3,"balance":480}
03/11/2020 15:15:03 BRT [my-bank-api] error : PATCH /accounts/updateBalance - Balance e id são obrigatórios
03/11/2020 15:15:08 BRT [my-bank-api] error : PATCH /accounts/updateBalance - Balance e id são obrigatórios
03/11/2020 15:15:16 BRT [my-bank-api] error : PATCH /accounts/updateBalance - Balance e id são obrigatórios
03/11/2020 15:15:18 BRT [my-bank-api] error : PATCH /accounts/updateBalance - Account not exists
03/11/2020 15:15:25 BRT [my-bank-api] error : PATCH /accounts/updateBalance - Account not exists
03/11/2020 15:15:28 BRT [my-bank-api] info : /updateBalance /accounts - {"id":2,"balance":100}
03/11/2020 15:15:35 BRT [my-bank-api] error : PATCH /accounts/updateBalance - Balance e id são obrigatórios
03/11/2020 15:15:36 BRT [my-bank-api] info : /updateBalance /accounts - {"id":2,"balance":100}
03/11/2020 15:15:41 BRT [my-bank-api] info : /updateBalance /accounts - {"id":2,"balance":900}
03/11/2020 15:18:35 BRT [my-bank-api] info : API Started...
03/11/2020 15:22:41 BRT [my-bank-api] error : PATCH /accounts/updateBalance - Balance e id são obrigatórios
03/11/2020 15:22:47 BRT [my-bank-api] error : PATCH /accounts/updateBalance - Balance e id são obrigatórios
03/11/2020 15:22:53 BRT [my-bank-api] error : PATCH /accounts/updateBalance - Balance e id são obrigatórios
03/11/2020 15:22:56 BRT [my-bank-api] error : PATCH /accounts/updateBalance - Balance e id são obrigatórios
03/11/2020 15:22:59 BRT [my-bank-api] error : PATCH /accounts/updateBalance - Account not exists
03/11/2020 15:23:02 BRT [my-bank-api] error : PATCH /accounts/updateBalance - Balance e id são obrigatórios
03/11/2020 15:23:07 BRT [my-bank-api] info : /updateBalance /accounts - {"id":2,"balance":900}
03/11/2020 15:23:09 BRT [my-bank-api] error : PATCH /accounts/updateBalance - Account not exists
03/11/2020 15:23:14 BRT [my-bank-api] error : PATCH /accounts/updateBalance - Balance e id são obrigatórios
03/11/2020 15:23:16 BRT [my-bank-api] error : PATCH /accounts/updateBalance - Account not exists
03/11/2020 15:23:21 BRT [my-bank-api] error : PATCH /accounts/updateBalance - Account not exists
03/11/2020 15:23:23 BRT [my-bank-api] error : PATCH /accounts/updateBalance - Account not exists
03/11/2020 15:23:48 BRT [my-bank-api] info : API Started...
03/11/2020 15:23:52 BRT [my-bank-api] error : PUT /accounts - Name e balance são obrigatórios
03/11/2020 15:23:57 BRT [my-bank-api] error : PUT /accounts - Name e balance são obrigatórios
03/11/2020 15:24:06 BRT [my-bank-api] info : API Started...
03/11/2020 15:25:50 BRT [my-bank-api] info : API Started...
03/11/2020 15:26:04 BRT [my-bank-api] info : API Started...
03/11/2020 15:26:05 BRT [my-bank-api] error : PUT /accounts - Name e balance são obrigatórios
03/11/2020 15:26:16 BRT [my-bank-api] info : API Started...
03/11/2020 15:26:20 BRT [my-bank-api] info : API Started...
03/11/2020 15:26:22 BRT [my-bank-api] info : API Started...
03/11/2020 15:26:34 BRT [my-bank-api] info : API Started...
03/11/2020 15:26:38 BRT [my-bank-api] error : PUT /accounts - Name e balance são obrigatórios
03/11/2020 15:26:43 BRT [my-bank-api] info : API Started...
03/11/2020 15:26:43 BRT [my-bank-api] error : PUT /accounts - Name e balance são obrigatórios
03/11/2020 15:26:51 BRT [my-bank-api] info : API Started...
03/11/2020 15:27:01 BRT [my-bank-api] info : API Started...
03/11/2020 15:27:08 BRT [my-bank-api] error : PUT /accounts - Name e balance são obrigatórios
03/11/2020 15:27:15 BRT [my-bank-api] error : PUT /accounts - Name e balance são obrigatórios
03/11/2020 15:27:17 BRT [my-bank-api] error : PUT /accounts - Name e balance são obrigatórios
03/11/2020 15:27:20 BRT [my-bank-api] error : PUT /accounts - Name e balance são obrigatórios
03/11/2020 15:27:26 BRT [my-bank-api] error : PUT /accounts - Name e balance são obrigatórios
03/11/2020 15:27:31 BRT [my-bank-api] error : PUT /accounts - Name e balance são obrigatórios
03/11/2020 15:27:32 BRT [my-bank-api] error : PUT /accounts - Name e balance são obrigatórios
03/11/2020 15:27:34 BRT [my-bank-api] error : PUT /accounts - Name e balance são obrigatórios
03/11/2020 15:28:07 BRT [my-bank-api] info : API Started...
03/11/2020 15:28:14 BRT [my-bank-api] error : PUT /accounts - Name e balance são obrigatórios
03/11/2020 15:28:17 BRT [my-bank-api] error : PUT /accounts - Name e balance são obrigatórios
03/11/2020 15:28:18 BRT [my-bank-api] error : PUT /accounts - Name e balance são obrigatórios
03/11/2020 15:28:22 BRT [my-bank-api] error : PUT /accounts - Name e balance são obrigatórios
03/11/2020 15:28:53 BRT [my-bank-api] info : API Started...
03/11/2020 15:29:20 BRT [my-bank-api] info : API Started...
03/11/2020 15:29:28 BRT [my-bank-api] info : API Started...
03/11/2020 15:29:34 BRT [my-bank-api] info : API Started...
03/11/2020 15:29:41 BRT [my-bank-api] info : API Started...
03/11/2020 15:29:52 BRT [my-bank-api] error : PUT /accounts - Name e balance são obrigatórios
03/11/2020 15:35:12 BRT [my-bank-api] info : API Started...
03/11/2020 15:37:09 BRT [my-bank-api] info : GET /accounts/3 - {"id":3,"name":"Felipe Lobato","balance":480}
03/11/2020 15:37:20 BRT [my-bank-api] info : GET /accounts/3 - {"id":3,"name":"Felipe Lobato","balance":480}
03/11/2020 15:37:27 BRT [my-bank-api] info : API Started...
03/11/2020 15:41:32 BRT [my-bank-api] info : API Started...
03/11/2020 15:50:00 BRT [my-bank-api] info : API Started...
03/11/2020 15:50:31 BRT [my-bank-api] info : API Started...
03/11/2020 15:50:55 BRT [my-bank-api] info : API Started...
03/11/2020 15:51:29 BRT [my-bank-api] info : API Started...
03/11/2020 15:51:43 BRT [my-bank-api] info : API Started...
03/11/2020 15:53:20 BRT [my-bank-api] info : API Started...
03/11/2020 15:53:44 BRT [my-bank-api] info : API Started...
03/11/2020 15:54:35 BRT [my-bank-api] info : API Started...
03/11/2020 15:55:27 BRT [my-bank-api] info : API Started...
03/11/2020 15:55:34 BRT [my-bank-api] info : API Started...
03/11/2020 15:56:36 BRT [my-bank-api] info : API Started...
03/11/2020 15:58:02 BRT [my-bank-api] info : API Started...
03/11/2020 15:58:12 BRT [my-bank-api] info : API Started...
03/11/2020 15:58:26 BRT [my-bank-api] info : API Started...
03/11/2020 16:02:51 BRT [my-bank-api] info : GET /accounts/3 - {"id":3,"name":"Felipe Lobato","balance":480}
03/11/2020 17:24:59 BRT [my-bank-api] info : API Started...
03/11/2020 17:25:25 BRT [my-bank-api] info : API Started...
03/11/2020 17:25:51 BRT [my-bank-api] info : API Started...
03/11/2020 17:26:26 BRT [my-bank-api] info : API Started...
03/11/2020 17:27:18 BRT [my-bank-api] info : API Started...
03/11/2020 17:27:28 BRT [my-bank-api] info : API Started...
03/11/2020 17:27:47 BRT [my-bank-api] info : API Started...
03/11/2020 17:28:13 BRT [my-bank-api] info : API Started...
03/11/2020 17:29:41 BRT [my-bank-api] info : GET /accounts/2 - {"id":2,"name":"Anderson Pinheiro","balance":1850}
03/11/2020 17:29:41 BRT [my-bank-api] info : GET /accounts/2 - {"id":2,"name":"Anderson Pinheiro","balance":1850}
03/11/2020 17:29:42 BRT [my-bank-api] info : GET /accounts/2 - {"id":2,"name":"Anderson Pinheiro","balance":1850}
03/11/2020 17:29:56 BRT [my-bank-api] info : API Started...
03/11/2020 17:29:56 BRT [my-bank-api] info : GET /accounts/2 - {"id":2,"name":"Anderson Pinheiro","balance":1850}
03/11/2020 17:29:56 BRT [my-bank-api] info : GET /accounts/2 - {"id":2,"name":"Anderson Pinheiro","balance":1850}
03/11/2020 17:30:00 BRT [my-bank-api] info : GET /accounts/2 - {"id":2,"name":"Anderson Pinheiro","balance":1850}
03/11/2020 17:30:24 BRT [my-bank-api] info : GET /accounts/2 - {"id":2,"name":"Anderson Pinheiro","balance":1850}
03/11/2020 17:30:46 BRT [my-bank-api] info : GET /accounts/2 - {"id":2,"name":"Anderson Pinheiro","balance":1850}
03/11/2020 17:30:46 BRT [my-bank-api] info : GET /accounts/2 - {"id":2,"name":"Anderson Pinheiro","balance":1850}
03/11/2020 17:30:47 BRT [my-bank-api] info : GET /accounts/2 - {"id":2,"name":"Anderson Pinheiro","balance":1850}
03/11/2020 17:30:47 BRT [my-bank-api] info : GET /accounts/2 - {"id":2,"name":"Anderson Pinheiro","balance":1850}
03/11/2020 17:30:50 BRT [my-bank-api] info : GET /accounts/2 - {"id":2,"name":"Anderson Pinheiro","balance":1850}
03/11/2020 17:31:02 BRT [my-bank-api] info : GET /accounts/2 - {"id":2,"name":"Anderson Pinheiro","balance":1850}
03/11/2020 17:31:30 BRT [my-bank-api] info : API Started...
03/11/2020 17:31:31 BRT [my-bank-api] info : GET /accounts/2 - {"id":2,"name":"Anderson Pinheiro","balance":1850}
03/11/2020 17:31:32 BRT [my-bank-api] info : GET /accounts/2 - {"id":2,"name":"Anderson Pinheiro","balance":1850}
03/11/2020 17:31:34 BRT [my-bank-api] info : GET /accounts/2 - {"id":2,"name":"Anderson Pinheiro","balance":1850}
03/11/2020 17:31:41 BRT [my-bank-api] info : API Started...
03/11/2020 17:31:43 BRT [my-bank-api] info : GET /accounts/2 - {"id":2,"name":"Anderson Pinheiro","balance":1850}
03/11/2020 17:32:06 BRT [my-bank-api] info : API Started...
03/11/2020 17:32:08 BRT [my-bank-api] info : GET /accounts/2 - {"id":2,"name":"Anderson Pinheiro","balance":1850}
03/11/2020 17:32:11 BRT [my-bank-api] info : GET /accounts/2 - {"id":2,"name":"Anderson Pinheiro","balance":1850}
03/11/2020 17:32:16 BRT [my-bank-api] info : GET /accounts/2 - {"id":2,"name":"Anderson Pinheiro","balance":1850}
03/11/2020 17:32:16 BRT [my-bank-api] info : GET /accounts/2 - {"id":2,"name":"Anderson Pinheiro","balance":1850}
03/11/2020 17:32:19 BRT [my-bank-api] info : API Started...
03/11/2020 17:32:34 BRT [my-bank-api] info : GET /accounts/2 - {"id":2,"name":"Anderson Pinheiro","balance":1850}
03/11/2020 17:32:48 BRT [my-bank-api] info : GET /accounts/2 - {"id":2,"name":"Anderson Pinheiro","balance":1850}
03/11/2020 17:32:49 BRT [my-bank-api] info : GET /accounts/2 - {"id":2,"name":"Anderson Pinheiro","balance":1850}
03/11/2020 17:33:09 BRT [my-bank-api] info : API Started...
03/11/2020 17:33:20 BRT [my-bank-api] info : API Started...
03/11/2020 17:33:23 BRT [my-bank-api] info : API Started...
03/11/2020 17:33:25 BRT [my-bank-api] info : GET /accounts/2 - {"id":2,"name":"Anderson Pinheiro","balance":1850}
03/11/2020 17:33:25 BRT [my-bank-api] info : GET /accounts/2 - {"id":2,"name":"Anderson Pinheiro","balance":1850}
03/11/2020 17:33:25 BRT [my-bank-api] info : GET /accounts/2 - {"id":2,"name":"Anderson Pinheiro","balance":1850}
03/11/2020 17:33:25 BRT [my-bank-api] info : GET /accounts/2 - {"id":2,"name":"Anderson Pinheiro","balance":1850}
03/11/2020 17:33:26 BRT [my-bank-api] info : GET /accounts/2 - {"id":2,"name":"Anderson Pinheiro","balance":1850}
03/11/2020 17:33:27 BRT [my-bank-api] info : GET /accounts/2 - {"id":2,"name":"Anderson Pinheiro","balance":1850}
03/11/2020 17:35:09 BRT [my-bank-api] info : API Started...
03/11/2020 17:35:21 BRT [my-bank-api] info : API Started...
03/11/2020 17:35:33 BRT [my-bank-api] info : API Started...
03/11/2020 17:35:45 BRT [my-bank-api] info : API Started...
03/11/2020 17:38:17 BRT [my-bank-api] info : API Started...
03/11/2020 17:40:03 BRT [my-bank-api] info : API Started...
03/11/2020 17:40:13 BRT [my-bank-api] info : API Started...
03/11/2020 17:40:16 BRT [my-bank-api] info : API Started...
03/11/2020 17:40:30 BRT [my-bank-api] info : API Started...
03/11/2020 17:41:26 BRT [my-bank-api] info : API Started...
03/11/2020 17:41:59 BRT [my-bank-api] info : API Started...
03/11/2020 17:42:06 BRT [my-bank-api] info : API Started...
03/11/2020 17:42:12 BRT [my-bank-api] info : API Started...
03/11/2020 17:42:18 BRT [my-bank-api] info : API Started...
03/11/2020 17:42:24 BRT [my-bank-api] info : API Started...
03/11/2020 17:43:53 BRT [my-bank-api] info : API Started...
03/11/2020 17:43:59 BRT [my-bank-api] info : API Started...
03/11/2020 17:46:45 BRT [my-bank-api] info : API Started...
03/11/2020 17:46:48 BRT [my-bank-api] info : API Started...
03/11/2020 17:46:52 BRT [my-bank-api] info : API Started...
03/11/2020 17:46:55 BRT [my-bank-api] info : API Started...
03/11/2020 17:47:18 BRT [my-bank-api] info : API Started...
03/11/2020 17:47:30 BRT [my-bank-api] info : API Started...
03/11/2020 17:47:39 BRT [my-bank-api] info : API Started...
03/11/2020 17:47:59 BRT [my-bank-api] info : API Started...
03/11/2020 17:48:08 BRT [my-bank-api] info : API Started...
03/11/2020 17:49:22 BRT [my-bank-api] info : API Started...
03/11/2020 17:49:30 BRT [my-bank-api] info : API Started...
03/11/2020 17:49:38 BRT [my-bank-api] info : API Started...
03/11/2020 17:49:39 BRT [my-bank-api] info : API Started...
03/11/2020 17:50:05 BRT [my-bank-api] info : API Started...
03/11/2020 18:25:09 BRT [my-bank-api] info : API Started...
03/11/2020 18:27:55 BRT [my-bank-api] info : API Started...
03/11/2020 18:31:33 BRT [my-bank-api] info : API Started...
03/11/2020 18:33:13 BRT [my-bank-api] info : API Started...
03/11/2020 18:34:54 BRT [my-bank-api] info : POST /accounts - {"id":19,"name":"Nome documentação","balance":742.34}
