02/11/2020 18:31:23 BRT [my-bank-api] info : API Started...
02/11/2020 18:31:59 BRT [my-bank-api] info : API Started...
02/11/2020 18:32:30 BRT [my-bank-api] info : API Started...
02/11/2020 18:34:03 BRT [my-bank-api] info : API Started...
02/11/2020 18:34:08 BRT [my-bank-api] error : Nao foi possivel listar
02/11/2020 18:34:52 BRT [my-bank-api] info : API Started...
02/11/2020 18:34:53 BRT [my-bank-api] error : Nao foi possivel listar
02/11/2020 18:35:11 BRT [my-bank-api] error : Nao foi possivel listar
02/11/2020 18:35:52 BRT [my-bank-api] info : API Started...
02/11/2020 18:35:53 BRT [my-bank-api] error : GET /accounts - Nao foi possivel listar
02/11/2020 18:36:03 BRT [my-bank-api] error : GET /accounts - Nao foi possivel listar
02/11/2020 18:36:22 BRT [my-bank-api] error : GET /accounts - ENOENT: no such file or directory, open 'C:\Users\FILIPE\Documents\bootcamp-full-stack-developer-igti\modulo-2\my-bank-api\accounts.json'
02/11/2020 18:36:51 BRT [my-bank-api] info : File created succeful
02/11/2020 18:38:03 BRT [my-bank-api] info : API Started...
02/11/2020 18:38:08 BRT [my-bank-api] info : POST /accounts - {"id":1,"name":"Felipe Bastos","balance":9500.5}
02/11/2020 18:38:27 BRT [my-bank-api] info : POST /accounts - {"id":2,"name":"Felipe Lobato","balance":9584.54}
02/11/2020 18:39:02 BRT [my-bank-api] info : API Started...
02/11/2020 18:39:12 BRT [my-bank-api] info : API Started...
02/11/2020 18:39:20 BRT [my-bank-api] info : API Started...
02/11/2020 18:39:25 BRT [my-bank-api] info : API Started...
02/11/2020 18:39:52 BRT [my-bank-api] info : POST /accounts - {"id":3,"name":"Felipe Lobato","balance":9584.54}
02/11/2020 18:40:03 BRT [my-bank-api] info : POST /accounts - {"id":4,"name":"Felipe Lobato","balance":9584.54}
02/11/2020 18:40:55 BRT [my-bank-api] info : API Started...
02/11/2020 18:42:08 BRT [my-bank-api] info : API Started...
02/11/2020 18:42:13 BRT [my-bank-api] info : PATCH /accounts - {"id":1,"balance":4500}
02/11/2020 18:42:37 BRT [my-bank-api] info : API Started...
02/11/2020 18:42:39 BRT [my-bank-api] info : PATCH /accounts - {"id":1,"balance":4500}
02/11/2020 18:43:18 BRT [my-bank-api] info : API Started...
02/11/2020 18:43:20 BRT [my-bank-api] info : /accounts/updateBalance /accounts - {"id":1,"balance":4500}
02/11/2020 18:43:40 BRT [my-bank-api] info : API Started...
02/11/2020 18:43:43 BRT [my-bank-api] info : /accounts/updateBalance /accounts - {"id":1,"balance":4500}
02/11/2020 18:44:10 BRT [my-bank-api] info : API Started...
02/11/2020 18:44:12 BRT [my-bank-api] info : /updateBalance /accounts - {"id":1,"balance":4500}
02/11/2020 18:44:19 BRT [my-bank-api] info : API Started...
02/11/2020 18:44:19 BRT [my-bank-api] info : /updateBalance /accounts - {"id":1,"balance":4500}
02/11/2020 18:44:20 BRT [my-bank-api] info : /updateBalance /accounts - {"id":1,"balance":4500}
02/11/2020 18:44:30 BRT [my-bank-api] info : API Started...
02/11/2020 18:44:30 BRT [my-bank-api] info : /updateBalance /accounts - {"id":1,"balance":4500}
02/11/2020 18:44:53 BRT [my-bank-api] info : API Started...
02/11/2020 18:44:53 BRT [my-bank-api] info : /updateBalance /accounts - {"id":1,"balance":4500}
02/11/2020 18:45:25 BRT [my-bank-api] info : API Started...
02/11/2020 18:45:43 BRT [my-bank-api] info : API Started...
02/11/2020 18:45:45 BRT [my-bank-api] info : POST /accounts - {"id":8,"name":"Felipe Lobato","balance":9584.54}
02/11/2020 18:46:00 BRT [my-bank-api] info : API Started...
02/11/2020 18:46:17 BRT [my-bank-api] info : API Started...
02/11/2020 18:46:32 BRT [my-bank-api] info : API Started...
02/11/2020 18:46:51 BRT [my-bank-api] info : API Started...
02/11/2020 18:46:54 BRT [my-bank-api] info : API Started...
02/11/2020 18:47:00 BRT [my-bank-api] info : API Started...
02/11/2020 18:47:00 BRT [my-bank-api] error : / /accounts - Erro
02/11/2020 18:47:14 BRT [my-bank-api] info : API Started...
02/11/2020 18:47:18 BRT [my-bank-api] info : API Started...
02/11/2020 18:47:33 BRT [my-bank-api] info : API Started...
02/11/2020 18:47:39 BRT [my-bank-api] info : API Started...
02/11/2020 18:47:40 BRT [my-bank-api] error : GET /accounts - Erro
02/11/2020 18:47:56 BRT [my-bank-api] info : API Started...
02/11/2020 18:47:57 BRT [my-bank-api] error : GET /accounts / - Erro
02/11/2020 18:48:12 BRT [my-bank-api] info : API Started...
02/11/2020 18:48:40 BRT [my-bank-api] info : API Started...
02/11/2020 18:48:42 BRT [my-bank-api] error : GET /accounts  - Erro
02/11/2020 18:49:01 BRT [my-bank-api] info : API Started...
02/11/2020 18:49:04 BRT [my-bank-api] error : PATCH /accounts /updateBalance - Erro
02/11/2020 18:49:23 BRT [my-bank-api] info : API Started...
02/11/2020 18:49:24 BRT [my-bank-api] error : PATCH /accounts /updateBalance - Erro
02/11/2020 18:49:37 BRT [my-bank-api] info : API Started...
02/11/2020 18:49:39 BRT [my-bank-api] error : PATCH /accounts/updateBalance - Erro
02/11/2020 18:49:53 BRT [my-bank-api] info : API Started...
02/11/2020 18:50:00 BRT [my-bank-api] info : API Started...
02/11/2020 18:50:05 BRT [my-bank-api] info : API Started...
02/11/2020 18:50:09 BRT [my-bank-api] error : PATCH /accounts/updateBalance - Erro
02/11/2020 18:50:12 BRT [my-bank-api] error : PATCH /accounts/updateBalance - Erro
02/11/2020 18:50:16 BRT [my-bank-api] error : GET /accounts - Erro
02/11/2020 18:50:24 BRT [my-bank-api] info : API Started...
02/11/2020 18:50:29 BRT [my-bank-api] info : API Started...
02/11/2020 18:52:01 BRT [my-bank-api] info : API Started...
02/11/2020 18:52:29 BRT [my-bank-api] info : API Started...
02/11/2020 18:52:33 BRT [my-bank-api] info : GET /accounts - [{"id":5,"name":"Felipe Lobato","balance":9584.54}]
02/11/2020 18:52:54 BRT [my-bank-api] info : API Started...
02/11/2020 18:53:05 BRT [my-bank-api] info : API Started...
02/11/2020 18:53:05 BRT [my-bank-api] info : GET /accounts - [{"id":5,"name":"Felipe Lobato","balance":9584.54}]
02/11/2020 18:53:20 BRT [my-bank-api] info : API Started...
02/11/2020 18:53:20 BRT [my-bank-api] info : GET /accounts - {"id":5,"name":"Felipe Lobato","balance":9584.54}
02/11/2020 18:53:30 BRT [my-bank-api] info : GET /accounts - undefined
02/11/2020 18:53:35 BRT [my-bank-api] info : GET /accounts - {"id":5,"name":"Felipe Lobato","balance":9584.54}
02/11/2020 18:54:12 BRT [my-bank-api] info : API Started...
02/11/2020 18:54:16 BRT [my-bank-api] info : GET /accounts - undefined
02/11/2020 18:54:33 BRT [my-bank-api] info : API Started...
02/11/2020 18:54:33 BRT [my-bank-api] info : GET /accounts/req.params.id - undefined
02/11/2020 18:54:45 BRT [my-bank-api] info : API Started...
02/11/2020 18:54:45 BRT [my-bank-api] info : GET /accounts/999 - undefined
02/11/2020 18:54:54 BRT [my-bank-api] info : GET /accounts/5 - {"id":5,"name":"Felipe Lobato","balance":9584.54}
02/11/2020 18:55:21 BRT [my-bank-api] info : API Started...
02/11/2020 18:55:22 BRT [my-bank-api] error : GET /accounts/5 - account1 is not defined
02/11/2020 18:55:28 BRT [my-bank-api] info : API Started...
02/11/2020 18:55:28 BRT [my-bank-api] info : GET /accounts/5 - {"id":5,"name":"Felipe Lobato","balance":9584.54}
02/11/2020 18:55:34 BRT [my-bank-api] info : GET /accounts/2 - {"id":2,"name":"Felipe Lobato","balance":9584.54}
02/11/2020 18:56:47 BRT [my-bank-api] info : API Started...
02/11/2020 18:56:47 BRT [my-bank-api] error : DELETE /accounts/4 - Essa conta não existe ou já foi apagada
02/11/2020 18:57:00 BRT [my-bank-api] info : API Started...
02/11/2020 18:57:01 BRT [my-bank-api] error : DELETE /accounts/5 - Essa conta não existe ou já foi apagada
02/11/2020 18:57:07 BRT [my-bank-api] info : API Started...
02/11/2020 18:57:22 BRT [my-bank-api] error : DELETE /accounts/1 - Essa conta não existe ou já foi apagada
02/11/2020 18:57:46 BRT [my-bank-api] info : API Started...
02/11/2020 18:57:46 BRT [my-bank-api] error : DELETE /accounts/1 - Este recurso não existe ou já foi excluído
02/11/2020 18:57:56 BRT [my-bank-api] info : API Started...
02/11/2020 19:23:01 BRT [my-bank-api] info : API Started...
02/11/2020 19:23:05 BRT [my-bank-api] info : API Started...
02/11/2020 19:23:11 BRT [my-bank-api] info : API Started...
02/11/2020 19:23:16 BRT [my-bank-api] info : API Started...
02/11/2020 19:23:20 BRT [my-bank-api] info : API Started...
02/11/2020 19:23:23 BRT [my-bank-api] info : API Started...
02/11/2020 19:23:24 BRT [my-bank-api] info : API Started...
02/11/2020 19:23:30 BRT [my-bank-api] info : API Started...
02/11/2020 19:25:09 BRT [my-bank-api] info : API Started...
02/11/2020 19:25:27 BRT [my-bank-api] info : API Started...
02/11/2020 19:25:36 BRT [my-bank-api] info : POST /accounts - {"id":9,"name":"Felipe Lobato","balance":9584.54,"idade":30}
02/11/2020 19:26:57 BRT [my-bank-api] info : API Started...
02/11/2020 19:27:14 BRT [my-bank-api] info : API Started...
02/11/2020 19:27:53 BRT [my-bank-api] info : API Started...
02/11/2020 19:28:07 BRT [my-bank-api] error : POST /accounts - account is not defined
02/11/2020 19:28:31 BRT [my-bank-api] info : API Started...
02/11/2020 19:28:31 BRT [my-bank-api] error : POST /accounts - account is not defined
02/11/2020 19:28:48 BRT [my-bank-api] info : API Started...
02/11/2020 19:28:49 BRT [my-bank-api] error : POST /accounts - Assignment to constant variable.
02/11/2020 19:28:58 BRT [my-bank-api] info : API Started...
02/11/2020 19:29:01 BRT [my-bank-api] info : API Started...
02/11/2020 19:29:01 BRT [my-bank-api] error : POST /accounts - Assignment to constant variable.
02/11/2020 19:29:08 BRT [my-bank-api] info : API Started...
02/11/2020 19:29:17 BRT [my-bank-api] info : API Started...
02/11/2020 19:29:42 BRT [my-bank-api] info : API Started...
02/11/2020 19:30:07 BRT [my-bank-api] info : API Started...
02/11/2020 19:30:20 BRT [my-bank-api] info : POST /accounts - {"id":10,"name":"Felipe Lobato","balance":0}
02/11/2020 19:30:27 BRT [my-bank-api] info : POST /accounts - {"id":11,"name":"Felipe Lobato1","balance":0}
02/11/2020 19:31:41 BRT [my-bank-api] info : API Started...
02/11/2020 19:31:41 BRT [my-bank-api] info : POST /accounts - {"id":12,"name":"Felipe Lobato1","balance":0}
02/11/2020 19:32:05 BRT [my-bank-api] error : PUT /accounts - Este recurso não existe
02/11/2020 19:32:28 BRT [my-bank-api] error : PUT /accounts - Este recurso não existe
02/11/2020 19:32:45 BRT [my-bank-api] info : API Started...
02/11/2020 19:33:49 BRT [my-bank-api] info : API Started...
02/11/2020 19:34:17 BRT [my-bank-api] info : API Started...
02/11/2020 19:36:24 BRT [my-bank-api] error : PUT /accounts - Registro não encontrado
02/11/2020 19:36:26 BRT [my-bank-api] error : PUT /accounts - Registro não encontrado
02/11/2020 19:36:40 BRT [my-bank-api] error : PUT /accounts - Registro não encontrado
02/11/2020 19:36:44 BRT [my-bank-api] error : PUT /accounts - Registro não encontrado
02/11/2020 19:37:12 BRT [my-bank-api] error : PUT /accounts - Registro não encontrado
02/11/2020 19:37:28 BRT [my-bank-api] info : API Started...
02/11/2020 19:37:29 BRT [my-bank-api] error : PUT /accounts - Registro não encontrado
02/11/2020 19:37:36 BRT [my-bank-api] info : API Started...
02/11/2020 19:37:47 BRT [my-bank-api] info : API Started...
02/11/2020 19:37:50 BRT [my-bank-api] info : API Started...
02/11/2020 19:37:53 BRT [my-bank-api] error : PUT /accounts - Cannot set property 'name' of undefined
02/11/2020 19:38:18 BRT [my-bank-api] info : API Started...
02/11/2020 19:38:18 BRT [my-bank-api] error : PUT /accounts - Cannot set property 'name' of undefined
02/11/2020 19:38:49 BRT [my-bank-api] info : API Started...
02/11/2020 19:38:53 BRT [my-bank-api] info : API Started...
02/11/2020 19:38:53 BRT [my-bank-api] error : PUT /accounts - Cannot set property 'name' of undefined
02/11/2020 19:38:54 BRT [my-bank-api] error : PUT /accounts - Cannot set property 'name' of undefined
02/11/2020 19:38:55 BRT [my-bank-api] error : PUT /accounts - Cannot set property 'name' of undefined
02/11/2020 19:39:15 BRT [my-bank-api] error : PUT /accounts - Cannot set property 'name' of undefined
02/11/2020 19:39:23 BRT [my-bank-api] info : API Started...
02/11/2020 19:39:27 BRT [my-bank-api] info : API Started...
02/11/2020 19:40:35 BRT [my-bank-api] info : API Started...
02/11/2020 19:40:38 BRT [my-bank-api] error : PUT /accounts - Cannot set property 'name' of undefined
02/11/2020 19:40:53 BRT [my-bank-api] info : API Started...
02/11/2020 19:40:57 BRT [my-bank-api] info : API Started...
02/11/2020 19:40:59 BRT [my-bank-api] error : PUT /accounts - Cannot set property 'name' of undefined
02/11/2020 19:41:12 BRT [my-bank-api] info : API Started...
02/11/2020 19:41:21 BRT [my-bank-api] info : API Started...
02/11/2020 19:41:26 BRT [my-bank-api] info : API Started...
02/11/2020 19:41:27 BRT [my-bank-api] error : PUT /accounts - Registro não encontrado
02/11/2020 19:41:30 BRT [my-bank-api] error : PUT /accounts - Registro não encontrado
02/11/2020 19:41:32 BRT [my-bank-api] error : PUT /accounts - Registro não encontrado
02/11/2020 19:41:49 BRT [my-bank-api] error : PUT /accounts - Registro não encontrado
02/11/2020 19:53:31 BRT [my-bank-api] info : API Started...
02/11/2020 19:53:36 BRT [my-bank-api] info : API Started...
02/11/2020 19:53:40 BRT [my-bank-api] info : API Started...
02/11/2020 19:53:44 BRT [my-bank-api] info : API Started...
02/11/2020 19:53:46 BRT [my-bank-api] error : PUT /accounts - Registro não encontrado
02/11/2020 19:53:49 BRT [my-bank-api] error : PUT /accounts - Registro não encontrado
02/11/2020 19:53:55 BRT [my-bank-api] error : PATCH /accounts/updateBalance - Account not exists
02/11/2020 19:54:01 BRT [my-bank-api] error : PATCH /accounts/updateBalance - Account not exists
02/11/2020 19:54:11 BRT [my-bank-api] error : PATCH /accounts/updateBalance - Account not exists
02/11/2020 19:54:15 BRT [my-bank-api] error : PATCH /accounts/updateBalance - Account not exists
02/11/2020 19:54:25 BRT [my-bank-api] error : PATCH /accounts/updateBalance - Account not exists
02/11/2020 19:54:31 BRT [my-bank-api] info : API Started...
02/11/2020 19:54:31 BRT [my-bank-api] info : /updateBalance /accounts - {"id":6,"balance":0}
02/11/2020 19:54:37 BRT [my-bank-api] info : /updateBalance /accounts - {"id":6,"balance":200}
02/11/2020 19:54:46 BRT [my-bank-api] error : PATCH /accounts/updateBalance - Cannot set property 'balance' of undefined
02/11/2020 19:54:52 BRT [my-bank-api] info : /updateBalance /accounts - {"id":6,"balance":200}
03/11/2020 1:52:13 BRT [my-bank-api] error : PATCH /accounts/updateBalance - Name e balance são obrigatórios
03/11/2020 1:52:37 BRT [my-bank-api] info : /updateBalance /accounts - {"id":6,"balance":200}
